Model {
  Name			  "EXAMPLE"
  Version		  8.8
  SavedCharacterEncoding  "GBK"
  GraphicalInterface {
    NumRootInports	    0
    NumRootOutports	    0
    ParameterArgumentNames  ""
    ComputedModelVersion    "1.11"
    NumModelReferences	    0
    NumTestPointedSignals   0
    NumProvidedFunctions    0
    NumRequiredFunctions    0
    NumResetEvents	    0
    HasInitializeEvent	    0
    HasTerminateEvent	    0
    IsExportFunctionModel   0
  }
  LogicAnalyzerGraphicalSettings ""
  LogicAnalyzerPlugin	  "on"
  LogicAnalyzerSignalOrdering ""
  DiagnosticSuppressor	  "on"
  SuppressorTable	  "22 serialization::archive 11 0 3 0 0 0 8 0"
  ScopeRefreshTime	  0.035000
  OverrideScopeRefreshTime on
  DisableAllScopes	  off
  DataTypeOverride	  "UseLocalSettings"
  DataTypeOverrideAppliesTo "AllNumericTypes"
  MinMaxOverflowLogging	  "UseLocalSettings"
  MinMaxOverflowArchiveMode "Overwrite"
  FPTRunName		  "Run 1"
  MaxMDLFileLineLength	  120
  LastSavedArchitecture	  "win64"
  Object {
    $PropName		    "BdWindowsInfo"
    $ObjectID		    1
    $ClassName		    "Simulink.BDWindowsInfo"
    Object {
      $PropName		      "WindowsInfo"
      $ObjectID		      2
      $ClassName	      "Simulink.WindowInfo"
      IsActive		      [1]
      Location		      [16.0, 52.0, 1716.0, 1111.0]
      Object {
	$PropName		"ModelBrowserInfo"
	$ObjectID		3
	$ClassName		"Simulink.ModelBrowserInfo"
	Visible			[0]
	DockPosition		"Left"
	Width			[50]
	Height			[50]
	Filter			[9]
      }
      Object {
	$PropName		"ExplorerBarInfo"
	$ObjectID		4
	$ClassName		"Simulink.ExplorerBarInfo"
	Visible			[1]
      }
      Object {
	$PropName		"EditorsInfo"
	$ObjectID		5
	$ClassName		"Simulink.EditorInfo"
	IsActive		[1]
	ViewObjType		"SimulinkTopLevel"
	LoadSaveID		"0"
	Extents			[1666.0, 932.0]
	ZoomFactor		[2.0]
	Offset			[258.26666666666665, 140.26666666666665]
      }
      Object {
	$PropName		"DockComponentsInfo"
	$ObjectID		6
	$ClassName		"Simulink.DockComponentInfo"
	Type			"GLUE2:PropertyInspector"
	ID			"Property Inspector"
	Visible			[0]
	CreateCallback		""
	UserData		""
	Floating		[0]
	DockPosition		"Right"
	Width			[640]
	Height			[480]
      }
      WindowState	      "AAAA/wAAAAD9AAAAAgAAAAAAAAC9AAAB+PwCAAAAA/sAAAAWAEQAbwBjAGsAVwBpAGQAZwBlAHQAMwEAAAAxAAAB+AAAA"
      "AAAAAAA+wAAABYARABvAGMAawBXAGkAZABnAGUAdAA0AAAAAAD/////AAAAAAAAAAD7AAAAUgBHAEwAVQBFADIAIAB0AHIAZQBlACAAYwBvAG0Ac"
      "ABvAG4AZQBuAHQALwBHAEwAVQBFADIAIAB0AHIAZQBlACAAYwBvAG0AcABvAG4AZQBuAHQAAAAAAP////8AAABfAP///wAAAAEAAAAAAAAAAPwCA"
      "AAAAfsAAABUAEcATABVAEUAMgA6AFAAcgBvAHAAZQByAHQAeQBJAG4AcwBwAGUAYwB0AG8AcgAvAFAAcgBvAHAAZQByAHQAeQAgAEkAbgBzAHAAZ"
      "QBjAHQAbwByAAAAAAD/////AAAAKAD///8AAAakAAAD2QAAAAEAAAACAAAAAQAAAAL8AAAAAQAAAAIAAAAP/////wAAAAAA/////wAAAAAAAAAA/"
      "////wEAAAAA/////wAAAAAAAAAA/////wAAAAAA/////wAAAAAAAAAA/////wAAAAAA/////wAAAAAAAAAA/////wAAAAAA/////wAAAAAAAAAA/"
      "////wEAAAB5/////wAAAAAAAAAA/////wEAAADa/////wAAAAAAAAAA/////wAAAAAA/////wAAAAAAAAAA/////wEAAAFT/////wAAAAAAAAAA/"
      "////wAAAAAA/////wAAAAAAAAAA/////wAAAAAA/////wAAAAAAAAAA/////wAAAAAA/////wAAAAAAAAAA/////wEAAANS/////wAAAAAAAAAA/"
      "////wEAAAOB/////wAAAAAAAAAA/////wAAAAAA/////wAAAAAAAAAA"
    }
  }
  Created		  "Fri Oct 10 12:44:46 2008"
  Creator		  "cebolletas"
  UpdateHistory		  "UpdateHistoryNever"
  ModifiedByFormat	  "%<Auto>"
  LastModifiedBy	  "lenovo"
  ModifiedDateFormat	  "%<Auto>"
  LastModifiedDate	  "Sat Jul 24 14:16:02 2021"
  RTWModifiedTimeStamp	  549036952
  ModelVersionFormat	  "1.%<AutoIncrement:11>"
  ConfigurationManager	  "none"
  SampleTimeColors	  off
  SampleTimeAnnotations	  off
  LibraryLinkDisplay	  "none"
  WideLines		  off
  ShowLineDimensions	  off
  ShowPortDataTypes	  off
  ShowEditTimeErrors	  on
  ShowEditTimeWarnings	  on
  ShowEditTimeAdvisorChecks off
  ShowPortUnits		  off
  ShowDesignRanges	  off
  ShowLoopsOnError	  on
  IgnoreBidirectionalLines off
  ShowStorageClass	  off
  ShowTestPointIcons	  on
  ShowSignalResolutionIcons on
  ShowViewerIcons	  on
  SortedOrder		  off
  VariantCondition	  off
  ExecutionContextIcon	  off
  ShowLinearizationAnnotations on
  ShowVisualizeInsertedRTB on
  ShowMarkup		  on
  BlockNameDataTip	  off
  BlockParametersDataTip  off
  BlockDescriptionStringDataTip	off
  ToolBar		  on
  StatusBar		  on
  BrowserShowLibraryLinks off
  FunctionConnectors	  off
  BrowserLookUnderMasks	  off
  SimulationMode	  "normal"
  PauseTimes		  "5"
  NumberOfSteps		  1
  SnapshotBufferSize	  10
  SnapshotInterval	  10
  NumberOfLastSnapshots	  0
  LinearizationMsg	  "none"
  Profile		  off
  ParamWorkspaceSource	  "MATLABWorkspace"
  AccelSystemTargetFile	  "accel.tlc"
  AccelTemplateMakefile	  "accel_default_tmf"
  AccelMakeCommand	  "make_rtw"
  TryForcingSFcnDF	  off
  Object {
    $PropName		    "DataLoggingOverride"
    $ObjectID		    7
    $ClassName		    "Simulink.SimulationData.ModelLoggingInfo"
    model_		    "EXAMPLE"
    Array {
      Type		      "Cell"
      Dimension		      1
      Cell		      "EXAMPLE"
      PropName		      "logAsSpecifiedByModels_"
    }
    Array {
      Type		      "Cell"
      Dimension		      1
      Cell		      ""
      PropName		      "logAsSpecifiedByModelsSSIDs_"
    }
  }
  ExtModeBatchMode	  off
  ExtModeEnableFloating	  on
  ExtModeTrigType	  "manual"
  ExtModeTrigMode	  "normal"
  ExtModeTrigPort	  "1"
  ExtModeTrigElement	  "any"
  ExtModeTrigDuration	  1000
  ExtModeTrigDurationFloating "auto"
  ExtModeTrigHoldOff	  0
  ExtModeTrigDelay	  0
  ExtModeTrigDirection	  "rising"
  ExtModeTrigLevel	  0
  ExtModeArchiveMode	  "off"
  ExtModeAutoIncOneShot	  off
  ExtModeIncDirWhenArm	  off
  ExtModeAddSuffixToVar	  off
  ExtModeWriteAllDataToWs off
  ExtModeArmWhenConnect	  on
  ExtModeSkipDownloadWhenConnect off
  ExtModeLogAll		  on
  ExtModeAutoUpdateStatusClock on
  ShowModelReferenceBlockVersion off
  ShowModelReferenceBlockIO off
  Array {
    Type		    "Handle"
    Dimension		    1
    Simulink.ConfigSet {
      $ObjectID		      8
      Version		      "1.16.5"
      DisabledProps	      []
      Description	      ""
      Array {
	Type			"Handle"
	Dimension		10
	Simulink.SolverCC {
	  $ObjectID		  9
	  Version		  "1.16.5"
	  DisabledProps		  []
	  Description		  ""
	  StartTime		  "0.0"
	  StopTime		  "10.0"
	  AbsTol		  "auto"
	  FixedStep		  "auto"
	  InitialStep		  "auto"
	  MaxNumMinSteps	  "-1"
	  MaxOrder		  5
	  ZcThreshold		  "auto"
	  ConsecutiveZCsStepRelTol "10*128*eps"
	  MaxConsecutiveZCs	  "1000"
	  ExtrapolationOrder	  4
	  NumberNewtonIterations  1
	  MaxStep		  "auto"
	  MinStep		  "auto"
	  MaxConsecutiveMinStep	  "1"
	  RelTol		  "1e-3"
	  EnableMultiTasking	  on
	  EnableConcurrentExecution off
	  ConcurrentTasks	  off
	  Solver		  "ode45"
	  SolverName		  "ode45"
	  SolverJacobianMethodControl "auto"
	  ShapePreserveControl	  "DisableAll"
	  ZeroCrossControl	  "UseLocalSettings"
	  ZeroCrossAlgorithm	  "Nonadaptive"
	  AlgebraicLoopSolver	  "TrustRegion"
	  SolverInfoToggleStatus  off
	  IsAutoAppliedInSIP	  off
	  SolverResetMethod	  "Fast"
	  PositivePriorityOrder	  off
	  AutoInsertRateTranBlk	  off
	  SampleTimeConstraint	  "Unconstrained"
	  InsertRTBMode		  "Whenever possible"
	  SampleTimeProperty	  []
	}
	Simulink.DataIOCC {
	  $ObjectID		  10
	  Version		  "1.16.5"
	  DisabledProps		  []
	  Description		  ""
	  Decimation		  "1"
	  ExternalInput		  "[t, u]"
	  FinalStateName	  "xFinal"
	  InitialState		  "xInitial"
	  LimitDataPoints	  on
	  MaxDataPoints		  "1000"
	  LoadExternalInput	  off
	  LoadInitialState	  off
	  SaveFinalState	  off
	  SaveCompleteFinalSimState off
	  SaveFormat		  "Array"
	  SignalLoggingSaveFormat "ModelDataLogs"
	  SaveOutput		  on
	  SaveState		  off
	  SignalLogging		  on
	  DSMLogging		  on
	  InspectSignalLogs	  off
	  VisualizeSimOutput	  on
	  StreamToWorkspace	  off
	  StreamVariableName	  "streamout"
	  SaveTime		  on
	  ReturnWorkspaceOutputs  off
	  StateSaveName		  "xout"
	  TimeSaveName		  "tout"
	  OutputSaveName	  "yout"
	  SignalLoggingName	  "logsout"
	  DSMLoggingName	  "dsmout"
	  OutputOption		  "RefineOutputTimes"
	  OutputTimes		  "[]"
	  ReturnWorkspaceOutputsName "out"
	  Refine		  "1"
	  LoggingToFile		  off
	  LoggingFileName	  "out.mat"
	  LoggingIntervals	  "[-inf, inf]"
	}
	Simulink.OptimizationCC {
	  $ObjectID		  11
	  Version		  "1.16.5"
	  Array {
	    Type		    "Cell"
	    Dimension		    8
	    Cell		    "ZeroExternalMemoryAtStartup"
	    Cell		    "ZeroInternalMemoryAtStartup"
	    Cell		    "UseSpecifiedMinMax"
	    Cell		    "OptimizeModelRefInitCode"
	    Cell		    "NoFixptDivByZeroProtection"
	    Cell		    "BooleansAsBitfields"
	    Cell		    "PassReuseOutputArgsAs"
	    Cell		    "PassReuseOutputArgsThreshold"
	    PropName		    "DisabledProps"
	  }
	  Description		  ""
	  BlockReduction	  on
	  BooleanDataType	  on
	  ConditionallyExecuteInputs on
	  DefaultParameterBehavior "Tunable"
	  UseDivisionForNetSlopeComputation "off"
	  UseFloatMulNetSlope	  off
	  DefaultUnderspecifiedDataType	"double"
	  UseSpecifiedMinMax	  off
	  InlineInvariantSignals  off
	  OptimizeBlockIOStorage  on
	  BufferReuse		  on
	  EnhancedBackFolding	  off
	  CachingGlobalReferences off
	  GlobalBufferReuse	  on
	  StrengthReduction	  off
	  AdvancedOptControl	  ""
	  ExpressionFolding	  on
	  BooleansAsBitfields	  off
	  BitfieldContainerType	  "uint_T"
	  EnableMemcpy		  on
	  MemcpyThreshold	  64
	  PassReuseOutputArgsAs	  "Structure reference"
	  PassReuseOutputArgsThreshold 12
	  ExpressionDepthLimit	  2147483647
	  LocalBlockOutputs	  on
	  RollThreshold		  5
	  StateBitsets		  off
	  DataBitsets		  off
	  ActiveStateOutputEnumStorageType "Native Integer"
	  ZeroExternalMemoryAtStartup on
	  ZeroInternalMemoryAtStartup on
	  InitFltsAndDblsToZero	  on
	  NoFixptDivByZeroProtection off
	  EfficientFloat2IntCast  off
	  EfficientMapNaN2IntZero on
	  LifeSpan		  "inf"
	  MaxStackSize		  "Inherit from target"
	  BufferReusableBoundary  on
	  SimCompilerOptimization "off"
	  AccelVerboseBuild	  off
	}
	Simulink.DebuggingCC {
	  $ObjectID		  12
	  Version		  "1.16.5"
	  Array {
	    Type		    "Cell"
	    Dimension		    1
	    Cell		    "UseOnlyExistingSharedCode"
	    PropName		    "DisabledProps"
	  }
	  Description		  ""
	  RTPrefix		  "error"
	  ConsistencyChecking	  "none"
	  ArrayBoundsChecking	  "none"
	  SignalInfNanChecking	  "none"
	  SignalRangeChecking	  "none"
	  ReadBeforeWriteMsg	  "UseLocalSettings"
	  WriteAfterWriteMsg	  "UseLocalSettings"
	  WriteAfterReadMsg	  "UseLocalSettings"
	  AlgebraicLoopMsg	  "warning"
	  ArtificialAlgebraicLoopMsg "warning"
	  SaveWithDisabledLinksMsg "warning"
	  SaveWithParameterizedLinksMsg	"none"
	  CheckSSInitialOutputMsg on
	  UnderspecifiedInitializationDetection	"Classic"
	  MergeDetectMultiDrivingBlocksExec "none"
	  CheckExecutionContextPreStartOutputMsg off
	  CheckExecutionContextRuntimeOutputMsg	off
	  SignalResolutionControl "UseLocalSettings"
	  BlockPriorityViolationMsg "warning"
	  MinStepSizeMsg	  "warning"
	  TimeAdjustmentMsg	  "none"
	  MaxConsecutiveZCsMsg	  "error"
	  MaskedZcDiagnostic	  "warning"
	  IgnoredZcDiagnostic	  "warning"
	  SolverPrmCheckMsg	  "warning"
	  InheritedTsInSrcMsg	  "warning"
	  MultiTaskDSMMsg	  "error"
	  MultiTaskCondExecSysMsg "error"
	  MultiTaskRateTransMsg	  "error"
	  SingleTaskRateTransMsg  "none"
	  TasksWithSamePriorityMsg "warning"
	  SigSpecEnsureSampleTimeMsg "warning"
	  CheckMatrixSingularityMsg "none"
	  IntegerOverflowMsg	  "warning"
	  Int32ToFloatConvMsg	  "warning"
	  ParameterDowncastMsg	  "error"
	  ParameterOverflowMsg	  "error"
	  ParameterUnderflowMsg	  "none"
	  ParameterPrecisionLossMsg "warning"
	  ParameterTunabilityLossMsg "warning"
	  FixptConstUnderflowMsg  "none"
	  FixptConstOverflowMsg	  "none"
	  FixptConstPrecisionLossMsg "none"
	  UnderSpecifiedDataTypeMsg "none"
	  UnnecessaryDatatypeConvMsg "none"
	  VectorMatrixConversionMsg "none"
	  InvalidFcnCallConnMsg	  "error"
	  FcnCallInpInsideContextMsg "warning"
	  SignalLabelMismatchMsg  "none"
	  UnconnectedInputMsg	  "warning"
	  UnconnectedOutputMsg	  "warning"
	  UnconnectedLineMsg	  "warning"
	  UseOnlyExistingSharedCode "error"
	  SFcnCompatibilityMsg	  "none"
	  FrameProcessingCompatibilityMsg "error"
	  UniqueDataStoreMsg	  "none"
	  BusObjectLabelMismatch  "warning"
	  RootOutportRequireBusObject "warning"
	  AssertControl		  "UseLocalSettings"
	  AllowSymbolicDim	  on
	  RowMajorDimensionSupport off
	  ModelReferenceIOMsg	  "none"
	  ModelReferenceMultiInstanceNormalModeStructChecksumCheck "error"
	  ModelReferenceVersionMismatchMessage "none"
	  ModelReferenceIOMismatchMessage "none"
	  UnknownTsInhSupMsg	  "warning"
	  ModelReferenceDataLoggingMessage "warning"
	  ModelReferenceSymbolNameMessage "warning"
	  ModelReferenceExtraNoncontSigs "error"
	  StateNameClashWarn	  "warning"
	  SimStateInterfaceChecksumMismatchMsg "warning"
	  SimStateOlderReleaseMsg "error"
	  InitInArrayFormatMsg	  "warning"
	  StrictBusMsg		  "Warning"
	  BusNameAdapt		  "WarnAndRepair"
	  NonBusSignalsTreatedAsBus "none"
	  SymbolicDimMinMaxWarning "warning"
	  LossOfSymbolicDimsSimulationWarning "warning"
	  LossOfSymbolicDimsCodeGenerationWarning "error"
	  BlockIODiagnostic	  "none"
	  SFUnusedDataAndEventsDiag "warning"
	  SFUnexpectedBacktrackingDiag "warning"
	  SFInvalidInputDataAccessInChartInitDiag "warning"
	  SFNoUnconditionalDefaultTransitionDiag "warning"
	  SFTransitionOutsideNaturalParentDiag "warning"
	  SFUnreachableExecutionPathDiag "warning"
	  SFUndirectedBroadcastEventsDiag "warning"
	  SFTransitionActionBeforeConditionDiag	"warning"
	  SFOutputUsedAsStateInMooreChartDiag "error"
	  SFTemporalDelaySmallerThanSampleTimeDiag "warning"
	  SFSelfTransitionDiag	  "warning"
	  SFExecutionAtInitializationDiag "none"
	  SFMachineParentedDataDiag "warning"
	  IntegerSaturationMsg	  "warning"
	  AllowedUnitSystems	  "all"
	  UnitsInconsistencyMsg	  "warning"
	  AllowAutomaticUnitConversions	on
	}
	Simulink.HardwareCC {
	  $ObjectID		  13
	  Version		  "1.16.5"
	  DisabledProps		  []
	  Description		  ""
	  ProdBitPerChar	  8
	  ProdBitPerShort	  16
	  ProdBitPerInt		  32
	  ProdBitPerLong	  32
	  ProdBitPerLongLong	  64
	  ProdBitPerFloat	  32
	  ProdBitPerDouble	  64
	  ProdBitPerPointer	  32
	  ProdBitPerSizeT	  32
	  ProdBitPerPtrDiffT	  32
	  ProdLargestAtomicInteger "Char"
	  ProdLargestAtomicFloat  "None"
	  ProdIntDivRoundTo	  "Undefined"
	  ProdEndianess		  "Unspecified"
	  ProdWordSize		  32
	  ProdShiftRightIntArith  on
	  ProdLongLongMode	  off
	  ProdHWDeviceType	  "32-bit Generic"
	  TargetBitPerChar	  8
	  TargetBitPerShort	  16
	  TargetBitPerInt	  32
	  TargetBitPerLong	  32
	  TargetBitPerLongLong	  64
	  TargetBitPerFloat	  32
	  TargetBitPerDouble	  64
	  TargetBitPerPointer	  32
	  TargetBitPerSizeT	  32
	  TargetBitPerPtrDiffT	  32
	  TargetLargestAtomicInteger "Char"
	  TargetLargestAtomicFloat "None"
	  TargetShiftRightIntArith on
	  TargetLongLongMode	  off
	  TargetIntDivRoundTo	  "Undefined"
	  TargetEndianess	  "Unspecified"
	  TargetWordSize	  32
	  TargetPreprocMaxBitsSint 32
	  TargetPreprocMaxBitsUint 32
	  TargetHWDeviceType	  "Specified"
	  TargetUnknown		  off
	  ProdEqTarget		  on
	  UseEmbeddedCoderFeatures on
	  UseSimulinkCoderFeatures on
	}
	Simulink.ModelReferenceCC {
	  $ObjectID		  14
	  Version		  "1.16.5"
	  DisabledProps		  []
	  Description		  ""
	  UpdateModelReferenceTargets "IfOutOfDateOrStructuralChange"
	  EnableRefExpFcnMdlSchedulingChecks on
	  CheckModelReferenceTargetMessage "error"
	  EnableParallelModelReferenceBuilds off
	  ParallelModelReferenceErrorOnInvalidPool on
	  ParallelModelReferenceMATLABWorkerInit "None"
	  ModelReferenceNumInstancesAllowed "Multi"
	  PropagateVarSize	  "Infer from blocks in model"
	  ModelDependencies	  ""
	  ModelReferencePassRootInputsByReference on
	  ModelReferenceMinAlgLoopOccurrences off
	  PropagateSignalLabelsOutOfModel off
	  SupportModelReferenceSimTargetCustomCode off
	}
	Simulink.SFSimCC {
	  $ObjectID		  15
	  Version		  "1.16.5"
	  DisabledProps		  []
	  Description		  ""
	  SimCustomSourceCode	  ""
	  SimCustomHeaderCode	  ""
	  SimCustomInitializer	  ""
	  SimCustomTerminator	  ""
	  SimReservedNameArray	  []
	  SimUserSources	  ""
	  SimUserIncludeDirs	  ""
	  SimUserLibraries	  ""
	  SimUserDefines	  ""
	  SimCustomCompilerFlags  ""
	  SimCustomLinkerFlags	  ""
	  SFSimEcho		  on
	  SimCtrlC		  on
	  SimIntegrity		  on
	  SimUseLocalCustomCode	  off
	  SimParseCustomCode	  off
	  SimBuildMode		  "sf_incremental_build"
	  SimGenImportedTypeDefs  off
	  ModelFunctionsGlobalVisibility "on"
	  CompileTimeRecursionLimit 50
	  EnableRuntimeRecursion  on
	}
	Simulink.RTWCC {
	  $BackupClass		  "Simulink.RTWCC"
	  $ObjectID		  16
	  Version		  "1.16.5"
	  Array {
	    Type		    "Cell"
	    Dimension		    13
	    Cell		    "IncludeHyperlinkInReport"
	    Cell		    "GenerateTraceInfo"
	    Cell		    "GenerateTraceReport"
	    Cell		    "GenerateTraceReportSl"
	    Cell		    "GenerateTraceReportSf"
	    Cell		    "GenerateTraceReportEml"
	    Cell		    "PortableWordSizes"
	    Cell		    "GenerateWebview"
	    Cell		    "GenerateCodeMetricsReport"
	    Cell		    "GenerateCodeReplacementReport"
	    Cell		    "GenerateMissedCodeReplacementReport"
	    Cell		    "GenerateErtSFunction"
	    Cell		    "CreateSILPILBlock"
	    PropName		    "DisabledProps"
	  }
	  SystemTargetFile	  "grt.tlc"
	  HardwareBoard		  "None"
	  TLCOptions		  ""
	  GenCodeOnly		  off
	  MakeCommand		  "make_rtw"
	  GenerateMakefile	  on
	  PackageGeneratedCodeAndArtifacts off
	  PackageName		  ""
	  TemplateMakefile	  "grt_default_tmf"
	  PostCodeGenCommand	  ""
	  Description		  ""
	  GenerateReport	  off
	  SaveLog		  off
	  RTWVerbose		  on
	  RetainRTWFile		  off
	  RTWBuildHooks		  []
	  ProfileTLC		  off
	  TLCDebug		  off
	  TLCCoverage		  off
	  TLCAssert		  off
	  RTWUseLocalCustomCode	  off
	  RTWUseSimCustomCode	  off
	  CustomSourceCode	  ""
	  CustomHeaderCode	  ""
	  CustomInclude		  ""
	  CustomSource		  ""
	  CustomLibrary		  ""
	  CustomDefine		  ""
	  CustomLAPACKCallback	  ""
	  CustomInitializer	  ""
	  CustomTerminator	  ""
	  Toolchain		  "Automatically locate an installed toolchain"
	  BuildConfiguration	  "Faster Builds"
	  CustomToolchainOptions  []
	  IncludeHyperlinkInReport off
	  LaunchReport		  off
	  PortableWordSizes	  off
	  CreateSILPILBlock	  "None"
	  CodeExecutionProfiling  off
	  CodeExecutionProfileVariable "executionProfile"
	  CodeProfilingSaveOptions "SummaryOnly"
	  CodeProfilingInstrumentation off
	  SILDebugging		  off
	  TargetLang		  "C"
	  IncludeBusHierarchyInRTWFileBlockHierarchyMap	off
	  GenerateTraceInfo	  off
	  GenerateTraceReport	  off
	  GenerateTraceReportSl	  off
	  GenerateTraceReportSf	  off
	  GenerateTraceReportEml  off
	  GenerateWebview	  off
	  GenerateCodeMetricsReport off
	  GenerateCodeReplacementReport	off
	  GenerateMissedCodeReplacementReport off
	  RTWCompilerOptimization "off"
	  ObjectivePriorities	  []
	  RTWCustomCompilerOptimizations ""
	  CheckMdlBeforeBuild	  "Off"
	  SharedConstantsCachingThreshold 1024
	  Array {
	    Type		    "Handle"
	    Dimension		    2
	    Simulink.CodeAppCC {
	      $ObjectID		      17
	      Version		      "1.16.5"
	      Array {
		Type			"Cell"
		Dimension		25
		Cell			"IgnoreCustomStorageClasses"
		Cell			"InsertBlockDesc"
		Cell			"SFDataObjDesc"
		Cell			"SimulinkDataObjDesc"
		Cell			"DefineNamingRule"
		Cell			"SignalNamingRule"
		Cell			"ParamNamingRule"
		Cell			"InlinedPrmAccess"
		Cell			"CustomSymbolStr"
		Cell			"CustomSymbolStrGlobalVar"
		Cell			"CustomSymbolStrType"
		Cell			"CustomSymbolStrField"
		Cell			"CustomSymbolStrFcn"
		Cell			"CustomSymbolStrBlkIO"
		Cell			"CustomSymbolStrTmpVar"
		Cell			"CustomSymbolStrMacro"
		Cell			"IgnoreTestpoints"
		Cell			"InsertPolySpaceComments"
		Cell			"MATLABFcnDesc"
		Cell			"InternalIdentifier"
		Cell			"CustomSymbolStrModelFcn"
		Cell			"CustomSymbolStrFcnArg"
		Cell			"CustomSymbolStrUtil"
		Cell			"CustomUserTokenString"
		Cell			"ReqsInCode"
		PropName		"DisabledProps"
	      }
	      Description	      ""
	      Comment		      ""
	      ForceParamTrailComments off
	      GenerateComments	      on
	      CommentStyle	      "Auto"
	      IgnoreCustomStorageClasses on
	      IgnoreTestpoints	      off
	      IncHierarchyInIds	      off
	      MaxIdLength	      31
	      PreserveName	      off
	      PreserveNameWithParent  off
	      ShowEliminatedStatement off
	      OperatorAnnotations     off
	      IncAutoGenComments      off
	      SimulinkDataObjDesc     off
	      SFDataObjDesc	      off
	      MATLABFcnDesc	      off
	      IncDataTypeInIds	      off
	      MangleLength	      1
	      CustomSymbolStrGlobalVar "$R$N$M"
	      CustomSymbolStrType     "$N$R$M_T"
	      CustomSymbolStrField    "$N$M"
	      CustomSymbolStrFcn      "$R$N$M$F"
	      CustomSymbolStrModelFcn "$R$N"
	      CustomSymbolStrFcnArg   "rt$I$N$M"
	      CustomSymbolStrBlkIO    "rtb_$N$M"
	      CustomSymbolStrTmpVar   "$N$M"
	      CustomSymbolStrMacro    "$R$N$M"
	      CustomSymbolStrUtil     "$N$C"
	      CustomUserTokenString   ""
	      CustomCommentsFcn	      ""
	      DefineNamingRule	      "None"
	      DefineNamingFcn	      ""
	      ParamNamingRule	      "None"
	      ParamNamingFcn	      ""
	      SignalNamingRule	      "None"
	      SignalNamingFcn	      ""
	      InsertBlockDesc	      off
	      InsertPolySpaceComments off
	      SimulinkBlockComments   on
	      MATLABSourceComments    off
	      EnableCustomComments    off
	      InternalIdentifierFile  ""
	      InternalIdentifier      "Shortened"
	      InlinedPrmAccess	      "Literals"
	      ReqsInCode	      off
	      UseSimReservedNames     off
	      ReservedNameArray	      []
	    }
	    Simulink.GRTTargetCC {
	      $BackupClass	      "Simulink.TargetCC"
	      $ObjectID		      18
	      Version		      "1.16.5"
	      Array {
		Type			"Cell"
		Dimension		16
		Cell			"IncludeMdlTerminateFcn"
		Cell			"GenerateAllocFcn"
		Cell			"SuppressErrorStatus"
		Cell			"ERTCustomFileBanners"
		Cell			"GenerateSampleERTMain"
		Cell			"GenerateTestInterfaces"
		Cell			"ModelStepFunctionPrototypeControlCompliant"
		Cell			"RemoveResetFunc"
		Cell			"PurelyIntegerCode"
		Cell			"RemoveDisableFunc"
		Cell			"SupportComplex"
		Cell			"SupportAbsoluteTime"
		Cell			"SupportContinuousTime"
		Cell			"SupportNonInlinedSFcns"
		Cell			"PortableWordSizes"
		Cell			"ExistingSharedCode"
		PropName		"DisabledProps"
	      }
	      Description	      ""
	      TargetFcnLib	      "ansi_tfl_tmw.mat"
	      TargetLibSuffix	      ""
	      TargetPreCompLibLocation ""
	      GenFloatMathFcnCalls    "NOT IN USE"
	      TargetLangStandard      "C89/C90 (ANSI)"
	      CodeReplacementLibrary  "None"
	      UtilityFuncGeneration   "Auto"
	      ERTMultiwordTypeDef     "System defined"
	      ERTMultiwordLength      256
	      MultiwordLength	      2048
	      GenerateFullHeader      on
	      InferredTypesCompatibility off
	      ExistingSharedCode      ""
	      GenerateSampleERTMain   off
	      GenerateTestInterfaces  off
	      ModelReferenceCompliant on
	      ParMdlRefBuildCompliant on
	      CompOptLevelCompliant   on
	      ConcurrentExecutionCompliant on
	      IncludeMdlTerminateFcn  on
	      GeneratePreprocessorConditionals "Use local settings"
	      CombineOutputUpdateFcns off
	      CombineSignalStateStructs	off
	      SuppressErrorStatus     off
	      ERTFirstTimeCompliant   off
	      IncludeFileDelimiter    "Auto"
	      ERTCustomFileBanners    off
	      SupportAbsoluteTime     on
	      LogVarNameModifier      "rt_"
	      MatFileLogging	      on
	      MultiInstanceERTCode    off
	      CodeInterfacePackaging  "Nonreusable function"
	      SupportNonFinite	      on
	      SupportComplex	      on
	      PurelyIntegerCode	      off
	      SupportContinuousTime   on
	      SupportNonInlinedSFcns  on
	      RemoveDisableFunc	      off
	      RemoveResetFunc	      off
	      SupportVariableSizeSignals off
	      ParenthesesLevel	      "Nominal"
	      CastingMode	      "Nominal"
	      MATLABClassNameForMDSCustomization "Simulink.SoftwareTarget.GRTCustomization"
	      ModelStepFunctionPrototypeControlCompliant off
	      CPPClassGenCompliant    on
	      AutosarCompliant	      off
	      MDXCompliant	      off
	      GRTInterface	      on
	      GenerateAllocFcn	      off
	      UseToolchainInfoCompliant	on
	      GenerateSharedConstants on
	      CoderGroups	      []
	      UseMalloc		      off
	      ExtMode		      off
	      ExtModeStaticAlloc      off
	      ExtModeTesting	      off
	      ExtModeStaticAllocSize  1000000
	      ExtModeTransport	      0
	      ExtModeMexFile	      "ext_comm"
	      ExtModeMexArgs	      ""
	      ExtModeIntrfLevel	      "Level1"
	      RTWCAPISignals	      off
	      RTWCAPIParams	      off
	      RTWCAPIStates	      off
	      RTWCAPIRootIO	      off
	      GenerateASAP2	      off
	      MultiInstanceErrorCode  "Error"
	    }
	    PropName		    "Components"
	  }
	}
	SlCovCC.ConfigComp {
	  $ObjectID		  19
	  Version		  "1.16.5"
	  DisabledProps		  []
	  Description		  "Simulink Coverage Configuration Component"
	  Name			  "Simulink Coverage"
	  CovEnable		  off
	  CovScope		  "EntireSystem"
	  CovIncludeTopModel	  on
	  RecordCoverage	  off
	  CovPath		  "/"
	  CovSaveName		  "covdata"
	  CovCompData		  ""
	  CovMetricSettings	  "dw"
	  CovFilter		  ""
	  CovHTMLOptions	  ""
	  CovNameIncrementing	  off
	  CovHtmlReporting	  on
	  CovForceBlockReductionOff on
	  CovEnableCumulative	  on
	  CovSaveCumulativeToWorkspaceVar on
	  CovSaveSingleToWorkspaceVar on
	  CovCumulativeVarName	  "covCumulativeData"
	  CovCumulativeReport	  off
	  CovSaveOutputData	  on
	  CovOutputDir		  "slcov_output/$ModelName$"
	  CovDataFileName	  "$ModelName$_cvdata"
	  CovShowResultsExplorer  on
	  CovReportOnPause	  on
	  CovModelRefEnable	  "off"
	  CovModelRefExcluded	  ""
	  CovExternalEMLEnable	  off
	  CovSFcnEnable		  on
	  CovBoundaryAbsTol	  1e-05
	  CovBoundaryRelTol	  0.01
	  CovUseTimeInterval	  off
	  CovStartTime		  0
	  CovStopTime		  0
	}
	hdlcoderui.hdlcc {
	  $ObjectID		  20
	  Version		  "1.16.5"
	  DisabledProps		  []
	  Description		  "HDL Coder custom configuration component"
	  Name			  "HDL Coder"
	  Array {
	    Type		    "Cell"
	    Dimension		    1
	    Cell		    ""
	    PropName		    "HDLConfigFile"
	  }
	  HDLCActiveTab		  "0"
	}
	PropName		"Components"
      }
      Name		      "Configuration"
      ExtraOptions	      ""
      CurrentDlgPage	      "Solver"
      ConfigPrmDlgPosition     [ 500, 220, 1420, 860 ] 
    }
    PropName		    "ConfigurationSets"
  }
  Simulink.ConfigSet {
    $PropName		    "ActiveConfigurationSet"
    $ObjectID		    8
  }
  Object {
    $PropName		    "DataTransfer"
    $ObjectID		    21
    $ClassName		    "Simulink.GlobalDataTransfer"
    DefaultTransitionBetweenSyncTasks "Ensure deterministic transfer (maximum delay)"
    DefaultTransitionBetweenAsyncTasks "Ensure data integrity only"
    DefaultTransitionBetweenContTasks "Ensure deterministic transfer (minimum delay)"
    DefaultExtrapolationMethodBetweenContTasks "None"
    AutoInsertRateTranBlk   [0]
  }
  ExplicitPartitioning	  off
  BlockDefaults {
    ForegroundColor	    "black"
    BackgroundColor	    "white"
    DropShadow		    off
    NamePlacement	    "normal"
    FontName		    "Arial"
    FontSize		    10
    FontWeight		    "normal"
    FontAngle		    "normal"
    ShowName		    on
    BlockRotation	    0
    BlockMirror		    off
  }
  AnnotationDefaults {
    HorizontalAlignment	    "center"
    VerticalAlignment	    "middle"
    ForegroundColor	    "black"
    BackgroundColor	    "white"
    DropShadow		    off
    FontName		    "Arial"
    FontSize		    10
    FontWeight		    "normal"
    FontAngle		    "normal"
    UseDisplayTextAsClickCallback off
  }
  LineDefaults {
    FontName		    "Arial"
    FontSize		    9
    FontWeight		    "normal"
    FontAngle		    "normal"
  }
  MaskDefaults {
    SelfModifiable	    "off"
    IconFrame		    "on"
    IconOpaque		    "opaque"
    RunInitForIconRedraw    "off"
    IconRotate		    "none"
    PortRotate		    "default"
    IconUnits		    "autoscale"
  }
  MaskParameterDefaults {
    Evaluate		    "on"
    Tunable		    "on"
    NeverSave		    "off"
    Internal		    "off"
    ReadOnly		    "off"
    Enabled		    "on"
    Visible		    "on"
    ToolTip		    "on"
  }
  BlockParameterDefaults {
    Block {
      BlockType		      Demux
      Outputs		      "4"
      DisplayOption	      "none"
      BusSelectionMode	      off
    }
    Block {
      BlockType		      Display
      Format		      "short"
      Decimation	      "10"
      Floating		      off
      Lockdown		      off
      SampleTime	      "-1"
    }
    Block {
      BlockType		      Ground
    }
    Block {
      BlockType		      Inport
      Port		      "1"
      OutputFunctionCall      off
      OutMin		      "[]"
      OutMax		      "[]"
      OutDataTypeStr	      "Inherit: auto"
      LockScale		      off
      BusOutputAsStruct	      off
      Unit		      "inherit"
      PortDimensions	      "-1"
      VarSizeSig	      "Inherit"
      SampleTime	      "-1"
      SignalType	      "auto"
      SamplingMode	      "auto"
      LatchByDelayingOutsideSignal off
      LatchInputForFeedbackSignals off
      Interpolate	      on
    }
    Block {
      BlockType		      Outport
      Port		      "1"
      OutMin		      "[]"
      OutMax		      "[]"
      OutDataTypeStr	      "Inherit: auto"
      LockScale		      off
      BusOutputAsStruct	      off
      Unit		      "inherit"
      PortDimensions	      "-1"
      VarSizeSig	      "Inherit"
      SampleTime	      "-1"
      SignalType	      "auto"
      SamplingMode	      "auto"
      EnsureOutportIsVirtual  off
      SourceOfInitialOutputValue "Dialog"
      OutputWhenDisabled      "held"
      InitialOutput	      "[]"
    }
    Block {
      BlockType		      S-Function
      FunctionName	      "system"
      SFunctionModules	      "''"
      PortCounts	      "[]"
    }
    Block {
      BlockType		      SubSystem
      ShowPortLabels	      "FromPortIcon"
      Permissions	      "ReadWrite"
      PermitHierarchicalResolution "All"
      TreatAsAtomicUnit	      off
      MinAlgLoopOccurrences   off
      PropExecContextOutsideSubsystem off
      SystemSampleTime	      "-1"
      RTWSystemCode	      "Auto"
      RTWFcnNameOpts	      "Auto"
      RTWFileNameOpts	      "Auto"
      FunctionInterfaceSpec   "void_void"
      FunctionWithSeparateData off
      RTWMemSecFuncInitTerm   "Inherit from model"
      RTWMemSecFuncExecute    "Inherit from model"
      RTWMemSecDataConstants  "Inherit from model"
      RTWMemSecDataInternal   "Inherit from model"
      RTWMemSecDataParameters "Inherit from model"
      SimViewingDevice	      off
      DataTypeOverride	      "UseLocalSettings"
      DataTypeOverrideAppliesTo	"AllNumericTypes"
      MinMaxOverflowLogging   "UseLocalSettings"
      Opaque		      off
      MaskHideContents	      off
      SFBlockType	      "NONE"
      GeneratePreprocessorConditionals off
      PropagateVariantConditions off
      TreatAsGroupedWhenPropagatingVariantConditions on
      ContentPreviewEnabled   off
      IsWebBlock	      off
    }
    Block {
      BlockType		      Terminator
    }
  }
  System {
    Name		    "EXAMPLE"
    Location		    [16, 52, 1732, 1163]
    Open		    on
    ModelBrowserVisibility  off
    ModelBrowserWidth	    200
    ScreenColor		    "white"
    PaperOrientation	    "landscape"
    PaperPositionMode	    "auto"
    PaperType		    "A4"
    PaperUnits		    "centimeters"
    TiledPaperMargins	    [0.500000, 0.500000, 0.500000, 0.500000]
    TiledPageScale	    1
    ShowPageBoundaries	    off
    ZoomFactor		    "200"
    ReportName		    "simulink-default.rpt"
    SIDHighWatermark	    "3"
    Block {
      BlockType		      Display
      Name		      "Display"
      SID		      "1"
      Ports		      [1]
      Position		      [980, 245, 1070, 275]
      ZOrder		      -1
      Decimation	      "1"
    }
    Block {
      BlockType		      SubSystem
      Name		      "Embedded\nMATLAB Function"
      SID		      "2"
      Ports		      [0, 1]
      Position		      [440, 237, 510, 283]
      ZOrder		      -2
      ErrorFcn		      "Stateflow.Translate.translate"
      PermitHierarchicalResolution "ExplicitOnly"
      TreatAsAtomicUnit	      on
      RequestExecContextInheritance off
      SFBlockType	      "MATLAB Function"
      Variant		      off
      System {
	Name			"Embedded\nMATLAB Function"
	Location		[227, 345, 838, 789]
	Open			off
	ModelBrowserVisibility	off
	ModelBrowserWidth	200
	ScreenColor		"white"
	PaperOrientation	"landscape"
	PaperPositionMode	"auto"
	PaperType		"A4"
	PaperUnits		"centimeters"
	TiledPaperMargins	[0.500000, 0.500000, 0.500000, 0.500000]
	TiledPageScale		1
	ShowPageBoundaries	off
	ZoomFactor		"100"
	SIDHighWatermark	"9"
	Block {
	  BlockType		  Demux
	  Name			  " Demux "
	  SID			  "2::7"
	  Ports			  [1, 1]
	  Position		  [270, 230, 320, 270]
	  ZOrder		  2
	  Outputs		  "1"
	}
	Block {
	  BlockType		  Ground
	  Name			  " Ground "
	  SID			  "2::9"
	  Position		  [20, 121, 40, 139]
	  ZOrder		  4
	}
	Block {
	  BlockType		  S-Function
	  Name			  " SFunction "
	  SID			  "2::6"
	  Tag			  "Stateflow S-Function EXAMPLE 2"
	  Ports			  [1, 2]
	  Position		  [180, 100, 230, 160]
	  ZOrder		  1
	  FunctionName		  "sf_sfun"
	  PortCounts		  "[1 2]"
	  SFunctionDeploymentMode off
	  EnableBusSupport	  on
	  SFcnIsStateOwnerBlock	  off
	  Port {
	    PortNumber		    2
	    Name		    "y"
	    RTWStorageClass	    "Auto"
	    DataLoggingNameMode	    "SignalName"
	  }
	}
	Block {
	  BlockType		  Terminator
	  Name			  " Terminator "
	  SID			  "2::8"
	  Position		  [460, 241, 480, 259]
	  ZOrder		  3
	}
	Block {
	  BlockType		  Outport
	  Name			  "y"
	  SID			  "2::5"
	  Position		  [460, 101, 480, 119]
	  ZOrder		  -5
	  IconDisplay		  "Port number"
	}
	Line {
	  Name			  "y"
	  ZOrder		  5
	  Labels		  [0, 0]
	  SrcBlock		  " SFunction "
	  SrcPort		  2
	  DstBlock		  "y"
	  DstPort		  1
	}
	Line {
	  ZOrder		  6
	  SrcBlock		  " Ground "
	  SrcPort		  1
	  DstBlock		  " SFunction "
	  DstPort		  1
	}
	Line {
	  ZOrder		  7
	  SrcBlock		  " Demux "
	  SrcPort		  1
	  DstBlock		  " Terminator "
	  DstPort		  1
	}
	Line {
	  ZOrder		  8
	  SrcBlock		  " SFunction "
	  SrcPort		  1
	  DstBlock		  " Demux "
	  DstPort		  1
	}
      }
    }
    Block {
      BlockType		      SubSystem
      Name		      "Embedded\nMATLAB Function1"
      SID		      "3"
      Ports		      [1, 1]
      Position		      [615, 193, 790, 327]
      ZOrder		      -3
      BackgroundColor	      "[0.850980, 0.929412, 0.992157]"
      ErrorFcn		      "Stateflow.Translate.translate"
      PermitHierarchicalResolution "ExplicitOnly"
      TreatAsAtomicUnit	      on
      RequestExecContextInheritance off
      SFBlockType	      "MATLAB Function"
      Variant		      off
      System {
	Name			"Embedded\nMATLAB Function1"
	Location		[227, 345, 838, 789]
	Open			off
	ModelBrowserVisibility	off
	ModelBrowserWidth	200
	ScreenColor		"white"
	PaperOrientation	"landscape"
	PaperPositionMode	"auto"
	PaperType		"A4"
	PaperUnits		"centimeters"
	TiledPaperMargins	[0.500000, 0.500000, 0.500000, 0.500000]
	TiledPageScale		1
	ShowPageBoundaries	off
	ZoomFactor		"100"
	SIDHighWatermark	"8"
	Block {
	  BlockType		  Inport
	  Name			  "In"
	  SID			  "3::1"
	  Position		  [20, 101, 40, 119]
	  ZOrder		  -1
	  IconDisplay		  "Port number"
	}
	Block {
	  BlockType		  Demux
	  Name			  " Demux "
	  SID			  "3::7"
	  Ports			  [1, 1]
	  Position		  [270, 230, 320, 270]
	  ZOrder		  2
	  Outputs		  "1"
	}
	Block {
	  BlockType		  S-Function
	  Name			  " SFunction "
	  SID			  "3::6"
	  Tag			  "Stateflow S-Function EXAMPLE 1"
	  Ports			  [1, 2]
	  Position		  [180, 100, 230, 160]
	  ZOrder		  1
	  FunctionName		  "sf_sfun"
	  PortCounts		  "[1 2]"
	  SFunctionDeploymentMode off
	  EnableBusSupport	  on
	  SFcnIsStateOwnerBlock	  off
	  Port {
	    PortNumber		    2
	    Name		    "Out"
	    RTWStorageClass	    "Auto"
	    DataLoggingNameMode	    "SignalName"
	  }
	}
	Block {
	  BlockType		  Terminator
	  Name			  " Terminator "
	  SID			  "3::8"
	  Position		  [460, 241, 480, 259]
	  ZOrder		  3
	}
	Block {
	  BlockType		  Outport
	  Name			  "Out"
	  SID			  "3::5"
	  Position		  [460, 101, 480, 119]
	  ZOrder		  -5
	  IconDisplay		  "Port number"
	}
	Line {
	  ZOrder		  5
	  SrcBlock		  "In"
	  SrcPort		  1
	  DstBlock		  " SFunction "
	  DstPort		  1
	}
	Line {
	  Name			  "Out"
	  ZOrder		  6
	  Labels		  [0, 0]
	  SrcBlock		  " SFunction "
	  SrcPort		  2
	  DstBlock		  "Out"
	  DstPort		  1
	}
	Line {
	  ZOrder		  7
	  SrcBlock		  " Demux "
	  SrcPort		  1
	  DstBlock		  " Terminator "
	  DstPort		  1
	}
	Line {
	  ZOrder		  8
	  SrcBlock		  " SFunction "
	  SrcPort		  1
	  DstBlock		  " Demux "
	  DstPort		  1
	}
      }
    }
    Line {
      ZOrder		      1
      SrcBlock		      "Embedded\nMATLAB Function1"
      SrcPort		      1
      DstBlock		      "Display"
      DstPort		      1
    }
    Line {
      ZOrder		      2
      SrcBlock		      "Embedded\nMATLAB Function"
      SrcPort		      1
      DstBlock		      "Embedded\nMATLAB Function1"
      DstPort		      1
    }
  }
}
#Finite State Machines
#
#   Stateflow 80000010
#
#
Stateflow {
  machine {
    id			    1
    name		    "EXAMPLE"
    created		    "10-Oct-2008 12:44:51"
    isLibrary		    0
    sfVersion		    80000010
    firstTarget		    15
  }
  chart {
    id			    2
    machine		    1
    name		    "Embedded\nMATLAB Function1"
    windowPosition	    [416 333 213 385]
    viewLimits		    [0 156.75 0 153.75]
    screen		    [1 1 1680 1050 1.333333333333333]
    treeNode		    [0 3 0 0]
    viewObj		    2
    visible		    1
    subviewS {
    }
    ssIdHighWaterMark	    6
    decomposition	    CLUSTER_CHART
    type		    EML_CHART
    chartFileNumber	    1
    disableImplicitCasting  1
    eml {
      name		      "hexsingle2num"
    }
    supportVariableSizing   0
    firstData		    4
    firstTransition	    7
    firstJunction	    6
  }
  state {
    id			    3
    labelString		    "eML_blk_kernel()"
    position		    [18 64.5 118 66]
    fontSize		    12
    chart		    2
    treeNode		    [2 0 0 0]
    superState		    SUBCHART
    subviewer		    2
    ssIdNumber		    1
    type		    FUNC_STATE
    decomposition	    CLUSTER_STATE
    eml {
      isEML		      1
      script		      "function Out = hexsingle2num(In)\n\n%************************************************************"
      "*************\n% Block hexsingle2num\n% Created in Simulink r2007a\n%\n% Author: Daniel Martin Martin\n% email: "
      "daniel.martin@savant-eyd.com\n%\n% SAVANT ENERG&#xCD;A Y DIN&#xC1;MICA\n% www.savant-eyd.com\n% \n% October 2008"
      "\n%\n%*************************************************************************\n% This block converts the 32 bi"
      "ts hex input into the corresponding FLOAT,\n% using the IEEE 32 bits float format. \n%**************************"
      "***********************************************\n\n\n%**********************************************************"
      "***************\n% This block is based on the Matlab function hexsingle2num.m created by\n% Mark Lubinski, which"
      " is based on the standard hex2num Matlab function.\n% Check out Mark's function at:\n% http://www.mathworks.com/"
      "matlabcentral/fileexchange/loadFile.do?objectId=6927&objectType=FILE\n%*****************************************"
      "********************************\n\n\n%*************************************************************************"
      "\n% WARNING WARNING WARNING WARNING WARNING WARNING WARNING WARNING WARNING\n%**********************************"
      "***************************************\n% Hex numbers are treated as strings in Matlab and Simulink. Any Simuli"
      "nk\n% block can only have numerical input or output so the 32 bits hex imput \n% needs to be converted into a nu"
      "mber before sending it to this block. \n% This have to be done with the hex2num() function. This function will \n"
      "% trasnform our hex number into an integer, so it WONT be the desired \n% final number, but it will be fine for "
      "sending it to this block.\n%*************************************************************************\n% So it i"
      "s NECESSARY to use hex2num() on the previous block output before\n% conecting it to this block.\n%**************"
      "***********************************************************\n%In the ZIP file there is an example of the usage, "
      "so PLEASE check it out.\n%*************************************************************************\n\n\n%******"
      "*******************************************************************\n% WARNING WARNING WARNING WARNING WARNING W"
      "ARNING WARNING WARNING WARNING\n%*************************************************************************\n%Dur"
      "ing Execution Simulink will show you warnings messages. IGNORE THEM.\n%*****************************************"
      "********************************\n\n\n\n\n\n\n\n%***************************************************************"
      "**********\n% We set all the variables that we are going to use (mandatory in Simulink)\n%**********************"
      "***************************************************\n\na='papapapapapapapa';\naux3=0;\naux4=0;\nneg=0;\nt=0;\n\n"
      "\n%*************************************************************************\n% We undo the input change, to get"
      " the 32 bits hex number.\n%*************************************************************************\n\na=num2he"
      "x(In);\ns=a(1:8);\n\n%*************************************************************************\n%**************"
      "***********************************************************\n[row,col] = size(s);\nd = zeros(row,8);\nx = zeros("
      "row,1);\nblanks = find(s==' '); % Find the blanks at the end\ns=lower(s);\n\n\n%********************************"
      "*****************************************\n%********************************************************************"
      "*****\nfor i=1:8\n   switch(s(i))\n       case '0' \n           d(i)=0;\n       case '1' \n           d(i)=1;\n "
      "      case '2' \n           d(i)=2;\n       case '3' \n           d(i)=3;\n       case '4' \n           d(i)=4;\n"
      "       case '5' \n           d(i)=5;\n       case '6' \n           d(i)=6;\n       case '7' \n           d(i)=7;"
      "\n       case '8' \n           d(i)=8;\n       case '9' \n           d(i)=9;\n       case 'a' \n           d(i)="
      "10;\n       case 'b' \n           d(i)=11;\n       case 'c' \n           d(i)=12;\n       case 'd' \n           "
      "d(i)=13;\n       case 'e' \n           d(i)=14;           \n       case 'f' \n           d(i)=15;\n   end\n    \n"
      "end\n\n\nif (d(1) > 7)\n    neg = 1;\nend\nd(1) = d(1)-8*neg;\n\n%**********************************************"
      "***************************\n%*************************************************************************\n\n\nexp"
      "Bit = (d(:,3) > 7);\ne = 32*d(:,1) + 2*d(:,2) + expBit - 127;\nd(:,3) = d(:,3)-8*expBit;  \n\n\nsixteens = [16;2"
      "56;4096;65536;1048576;16777216];\nmultiplier = 2./[sixteens];\nf = d(:,3:8)*multiplier;\n\n%********************"
      "*****************************************************\n%********************************************************"
      "*****************\n\n% Scale the fraction by 2 to the exponent.\noverinf = find((e>127) & (f==0));\nif ~isempty("
      "overinf)\n    aux=overinf;\n    %x(aux) = inf; \nend\n\noverNaN = find((e>127) & (f~=0));\nif ~isempty(overNaN)\n"
      "    aux=overNaN;\n    %x(aux) = NaN; \nend\n\nunderflow = find(e<-126);\nif ~isempty(underflow) \n    %x(underfl"
      "ow) = pow2(f(underflow),-126); \nend\n\n\nallothers = find((e<=127) & (e>=-126));\nif ~isempty(allothers)\n    \n"
      "    aux3=1+f;\n    aux4=e;\n    x = pow2(aux3,aux4); \nend\n\nnegatives = find(neg==1);\nif ~isempty(negatives)\n"
      "    x = -x; \nend\n\nOut=x;\n\n%*************************************************************************\n% End"
      " of the function.\n%*************************************************************************\n"
      editorLayout	      "100 M4x1[146 279 1288 998]"
      fimathString	      "fimath(...\n'RoundMode', 'floor',...\n'OverflowMode', 'wrap',...\n'ProductMode', 'KeepLSB', "
      "'ProductWordLength', 32,...\n'SumMode', 'KeepLSB', 'SumWordLength', 32,...\n'CastBeforeSum', true)"
      fimathForFiConstructors FimathMatlabFactoryDefault
      emlDefaultFimath	      FimathUserSpecified
    }
  }
  data {
    id			    4
    ssIdNumber		    4
    name		    "In"
    scope		    INPUT_DATA
    machine		    1
    props {
      array {
	size			"-1"
      }
      type {
	method			SF_INHERITED_TYPE
	primitive		SF_DOUBLE_TYPE
      }
      complexity	      SF_COMPLEX_INHERITED
      unit {
	name			"inherit"
      }
    }
    dataType		    "Inherit: Same as Simulink"
    linkNode		    [2 0 5]
  }
  data {
    id			    5
    ssIdNumber		    5
    name		    "Out"
    scope		    OUTPUT_DATA
    machine		    1
    props {
      array {
	size			"-1"
      }
      type {
	method			SF_INHERITED_TYPE
	primitive		SF_DOUBLE_TYPE
      }
      complexity	      SF_COMPLEX_INHERITED
      frame		      SF_FRAME_NO
      unit {
	name			"inherit"
      }
    }
    dataType		    "Inherit: Same as Simulink"
    linkNode		    [2 4 0]
  }
  junction {
    id			    6
    position		    [23.5747 49.5747 7]
    chart		    2
    subviewer		    2
    ssIdNumber		    3
    type		    CONNECTIVE_JUNCTION
    linkNode		    [2 0 0]
  }
  transition {
    id			    7
    labelString		    "{eML_blk_kernel();}"
    labelPosition	    [32.125 19.875 102.544 14.964]
    fontSize		    12
    src {
      intersection	      [0 0 1 0 23.5747 14.625 0 0]
    }
    dst {
      id		      6
      intersection	      [1 0 -1 0 23.5747 42.5747 0 0]
    }
    midPoint		    [23.5747 24.9468]
    chart		    2
    dataLimits		    [21.175 25.975 14.625 42.575]
    subviewer		    2
    drawStyle		    SMART
    slide {
      sticky		      BOTH_STICK
    }
    executionOrder	    1
    ssIdNumber		    2
    linkNode		    [2 0 0]
  }
  instance {
    id			    8
    machine		    1
    name		    "Embedded\nMATLAB Function1"
    chart		    2
  }
  chart {
    id			    9
    machine		    1
    name		    "Embedded\nMATLAB Function"
    windowPosition	    [493 304 213 385]
    viewLimits		    [0 156.75 0 153.75]
    screen		    [1 1 1680 1050 1.333333333333333]
    treeNode		    [0 10 0 0]
    viewObj		    9
    visible		    1
    subviewS {
    }
    ssIdHighWaterMark	    5
    decomposition	    CLUSTER_CHART
    type		    EML_CHART
    chartFileNumber	    2
    disableImplicitCasting  1
    eml {
      name		      "fcn"
    }
    supportVariableSizing   0
    firstData		    11
    firstTransition	    13
    firstJunction	    12
  }
  state {
    id			    10
    labelString		    "eML_blk_kernel()"
    position		    [18 64.5 118 66]
    fontSize		    12
    chart		    9
    treeNode		    [9 0 0 0]
    superState		    SUBCHART
    subviewer		    9
    ssIdNumber		    1
    type		    FUNC_STATE
    decomposition	    CLUSTER_STATE
    eml {
      isEML		      1
      script		      "function y = fcn()\n\ny=0;\n\nhexnumber='42b40000';\n\n\ny = hex2num(hexnumber);"
      editorLayout	      "100 M4x1[146 214 671 364]"
      fimathString	      "fimath(...\n'RoundMode', 'floor',...\n'OverflowMode', 'wrap',...\n'ProductMode', 'KeepLSB', "
      "'ProductWordLength', 32,...\n'SumMode', 'KeepLSB', 'SumWordLength', 32,...\n'CastBeforeSum', true)"
      fimathForFiConstructors FimathMatlabFactoryDefault
      emlDefaultFimath	      FimathUserSpecified
    }
  }
  data {
    id			    11
    ssIdNumber		    4
    name		    "y"
    scope		    OUTPUT_DATA
    machine		    1
    props {
      array {
	size			"-1"
      }
      type {
	method			SF_INHERITED_TYPE
	primitive		SF_DOUBLE_TYPE
      }
      complexity	      SF_COMPLEX_INHERITED
      frame		      SF_FRAME_NO
      unit {
	name			"inherit"
      }
    }
    dataType		    "Inherit: Same as Simulink"
    linkNode		    [9 0 0]
  }
  junction {
    id			    12
    position		    [23.5747 49.5747 7]
    chart		    9
    subviewer		    9
    ssIdNumber		    3
    type		    CONNECTIVE_JUNCTION
    linkNode		    [9 0 0]
  }
  transition {
    id			    13
    labelString		    "{eML_blk_kernel();}"
    labelPosition	    [32.125 19.875 102.544 14.964]
    fontSize		    12
    src {
      intersection	      [0 0 1 0 23.5747 14.625 0 0]
    }
    dst {
      id		      12
      intersection	      [1 0 -1 0 23.5747 42.5747 0 0]
    }
    midPoint		    [23.5747 24.9468]
    chart		    9
    dataLimits		    [21.175 25.975 14.625 42.575]
    subviewer		    9
    drawStyle		    SMART
    slide {
      sticky		      BOTH_STICK
    }
    executionOrder	    1
    ssIdNumber		    2
    linkNode		    [9 0 0]
  }
  instance {
    id			    14
    machine		    1
    name		    "Embedded\nMATLAB Function"
    chart		    9
  }
  target {
    id			    15
    machine		    1
    name		    "sfun"
    codeFlags		    ""
    linkNode		    [1 0 0]
  }
}
