生成启动时间为 2021/7/24 22:04:57。
     1>项目“F:\VS2012lianxi\2021.7.24\2021.7.24\2021.7.24.vcxproj”在节点 2 上(Build 个目标)。
     1>InitializeBuildStatus:
         正在创建“Debug\2021.7.24.unsuccessfulbuild”，因为已指定“AlwaysCreate”。
       ClCompile:
         F:\Visual Studio2012 (64_32bit)\Visual Studio2012\VC\bin\CL.exe /c /ZI /nologo /W3 /WX- /Od /Oy- /D _MBCS /Gm /EHsc /RTC1 /MDd /GS /fp:precise /Zc:wchar_t /Zc:forScope /Fo"Debug\\" /Fd"Debug\vc110.pdb" /Gd /TC /analyze- /errorReport:prompt 1.c
         1.c
     1>f:\vs2012lianxi\2021.7.24\2021.7.24\1.c(17): warning C4996: 'scanf': This function or variable may be unsafe. Consider using scanf_s instead. To disable deprecation, use _CRT_SECURE_NO_WARNINGS. See online help for details.
                 f:\visual studio2012 (64_32bit)\visual studio2012\vc\include\stdio.h(290) : 参见“scanf”的声明
     1>f:\vs2012lianxi\2021.7.24\2021.7.24\1.c(25): warning C4244: “=”: 从“double”转换到“int”，可能丢失数据
     1>f:\vs2012lianxi\2021.7.24\2021.7.24\1.c(32): warning C4244: “=”: 从“int”转换到“float”，可能丢失数据
     1>f:\vs2012lianxi\2021.7.24\2021.7.24\1.c(36): warning C4244: “=”: 从“double”转换到“float”，可能丢失数据
     1>f:\vs2012lianxi\2021.7.24\2021.7.24\1.c(44): warning C4244: “=”: 从“double”转换到“float”，可能丢失数据
     1>f:\vs2012lianxi\2021.7.24\2021.7.24\1.c(48): warning C4244: “=”: 从“double”转换到“float”，可能丢失数据
     1>f:\vs2012lianxi\2021.7.24\2021.7.24\1.c(57): warning C4244: “=”: 从“double”转换到“float”，可能丢失数据
     1>f:\vs2012lianxi\2021.7.24\2021.7.24\1.c(61): warning C4244: “=”: 从“double”转换到“float”，可能丢失数据
       Link:
         F:\Visual Studio2012 (64_32bit)\Visual Studio2012\VC\bin\link.exe /ERRORREPORT:PROMPT /OUT:"F:\VS2012lianxi\2021.7.24\Debug\2021.7.24.exe" /INCREMENTAL /NOLOGO kernel32.lib user32.lib gdi32.lib winspool.lib comdlg32.lib advapi32.lib shell32.lib ole32.lib oleaut32.lib uuid.lib odbc32.lib odbccp32.lib /MANIFEST /MANIFESTUAC:"level='asInvoker' uiAccess='false'" /manifest:embed /DEBUG /PDB:"F:\VS2012lianxi\2021.7.24\Debug\2021.7.24.pdb" /SUBSYSTEM:CONSOLE /TLBID:1 /DYNAMICBASE /NXCOMPAT /IMPLIB:"F:\VS2012lianxi\2021.7.24\Debug\2021.7.24.lib" /MACHINE:X86 Debug\1.obj
         2021.7.24.vcxproj -> F:\VS2012lianxi\2021.7.24\Debug\2021.7.24.exe
       FinalizeBuildStatus:
         正在删除文件“Debug\2021.7.24.unsuccessfulbuild”。
         正在对“Debug\2021.7.24.lastbuildstate”执行 Touch 任务。
     1>已完成生成项目“F:\VS2012lianxi\2021.7.24\2021.7.24\2021.7.24.vcxproj”(Build 个目标)的操作。

生成成功。

已用时间 00:00:01.70
